Superuser/Widgets/Widgets/build/intermediates/manifest_merge_blame_file/debug/manifest-merger-blame-debug-report.txt
1<?xml version="1.0" encoding="utf-8"?>
2<manifest xmlns:android="http://schemas.android.com/apk/res/android"
3    package="com.koushikdutta.widgets"
4    android:versionCode="1"
5    android:versionName="1.0" >
6
7    <uses-sdk
8        android:minSdkVersion="1"
8-->Widgets\Widgets\AndroidManifest.xml
9        android:targetSdkVersion="21" />
9-->Widgets\Widgets\AndroidManifest.xml
10
11    <!-- <uses-sdk -->
12    <!-- android:minSdkVersion="8" -->
13    <!-- android:targetSdkVersion="21" /> -->
14    <application>
14-->Widgets\Widgets\AndroidManifest.xml:10:2-11:19
15    </application>
16
17</manifest>